<?xml version="1.0" encoding="UTF-8"?>
<testsuite xmlns:xsi="http://www.w3.org/2001/XMLSchema-instance" xsi:noNamespaceSchemaLocation="https://maven.apache.org/surefire/maven-surefire-plugin/xsd/surefire-test-report.xsd" name="TestSuite" time="69.107" tests="24" errors="0" skipped="19" failures="5">
  <properties>
[...]
</properties>
  <testcase name="setUP" classname="com.nopcommerce.demo.testsuite.ComputerPageTest" time="31.896">
    <failure message="unknown error: cannot determine loading status&#10;from disconnected: received Inspector.detached event&#10;  (Session info: chrome=77.0.3865.120)&#10;Build info: version: &apos;3.141.59&apos;, revision: &apos;e82be7d358&apos;, time: &apos;2018-11-14T08:17:03&apos;&#10;System info: host: &apos;DAXESH&apos;, ip: &apos;172.17.16.191&apos;, os.name: &apos;Windows 10&apos;, os.arch: &apos;amd64&apos;, os.version: &apos;10.0&apos;, java.version: &apos;1.8.0_152&apos;&#10;Driver info: org.openqa.selenium.chrome.ChromeDriver&#10;Capabilities {acceptInsecureCerts: false, browserName: chrome, browserVersion: 77.0.3865.120, chrome: {chromedriverVersion: 77.0.3865.40 (f484704e052e0..., userDataDir: C:\Users\Samsung\AppData\Lo...}, goog:chromeOptions: {debuggerAddress: localhost:55312}, javascriptEnabled: true, networkConnectionEnabled: false, pageLoadStrategy: normal, platform: XP, platformName: XP, proxy: Proxy(), setWindowRect: true, strictFileInteractability: false, timeouts: {implicit: 0, pageLoad: 300000, script: 30000}, unhandledPromptBehavior: dismiss and notify}&#10;Session ID: f7dffa7b1dac702d1af65dbe6bd3cb57" type="org.openqa.selenium.WebDriverException">org.openqa.selenium.WebDriverException: 
unknown error: cannot determine loading status
from disconnected: received Inspector.detached event
  (Session info: chrome=77.0.3865.120)
Build info: version: '3.141.59', revision: 'e82be7d358', time: '2018-11-14T08:17:03'
System info: host: 'DAXESH', ip: '172.17.16.191', os.name: 'Windows 10', os.arch: 'amd64', os.version: '10.0', java.version: '1.8.0_152'
Driver info: org.openqa.selenium.chrome.ChromeDriver
Capabilities {acceptInsecureCerts: false, browserName: chrome, browserVersion: 77.0.3865.120, chrome: {chromedriverVersion: 77.0.3865.40 (f484704e052e0..., userDataDir: C:\Users\Samsung\AppData\Lo...}, goog:chromeOptions: {debuggerAddress: localhost:55312}, javascriptEnabled: true, networkConnectionEnabled: false, pageLoadStrategy: normal, platform: XP, platformName: XP, proxy: Proxy(), setWindowRect: true, strictFileInteractability: false, timeouts: {implicit: 0, pageLoad: 300000, script: 30000}, unhandledPromptBehavior: dismiss and notify}
Session ID: f7dffa7b1dac702d1af65dbe6bd3cb57
</failure>
    <system-err><![CDATA[Starting ChromeDriver 77.0.3865.40 (f484704e052e0b556f8030b65b953dce96503217-refs/branch-heads/3865@{#442}) on port 3527
Only local connections are allowed.
Please protect ports used by ChromeDriver and related test frameworks to prevent access by malicious code.
Oct 26, 2019 2:53:54 PM org.openqa.selenium.remote.ProtocolHandshake createSession
INFO: Detected dialect: W3C
]]></system-err>
  </testcase>
  <testcase name="userShouldNavigateToComputerPage" classname="com.nopcommerce.demo.testsuite.ComputerPageTest" time="0">
    <skipped message="unknown error: cannot determine loading status&#10;from disconnected: received Inspector.detached event&#10;  (Session info: chrome=77.0.3865.120)&#10;Build info: version: &apos;3.141.59&apos;, revision: &apos;e82be7d358&apos;, time: &apos;2018-11-14T08:17:03&apos;&#10;System info: host: &apos;DAXESH&apos;, ip: &apos;172.17.16.191&apos;, os.name: &apos;Windows 10&apos;, os.arch: &apos;amd64&apos;, os.version: &apos;10.0&apos;, java.version: &apos;1.8.0_152&apos;&#10;Driver info: org.openqa.selenium.chrome.ChromeDriver&#10;Capabilities {acceptInsecureCerts: false, browserName: chrome, browserVersion: 77.0.3865.120, chrome: {chromedriverVersion: 77.0.3865.40 (f484704e052e0..., userDataDir: C:\Users\Samsung\AppData\Lo...}, goog:chromeOptions: {debuggerAddress: localhost:55312}, javascriptEnabled: true, networkConnectionEnabled: false, pageLoadStrategy: normal, platform: XP, platformName: XP, proxy: Proxy(), setWindowRect: true, strictFileInteractability: false, timeouts: {implicit: 0, pageLoad: 300000, script: 30000}, unhandledPromptBehavior: dismiss and notify}&#10;Session ID: f7dffa7b1dac702d1af65dbe6bd3cb57"/>
  </testcase>
  <testcase name="tearDown" classname="com.nopcommerce.demo.testsuite.ComputerPageTest" time="0">
    <skipped/>
  </testcase>
  <testcase name="setUP" classname="com.nopcommerce.demo.testsuite.DesktopPageTest" time="47.597">
    <failure message="no such window: target window already closed&#10;from unknown error: web view not found&#10;  (Session info: chrome=77.0.3865.120)&#10;Build info: version: &apos;3.141.59&apos;, revision: &apos;e82be7d358&apos;, time: &apos;2018-11-14T08:17:03&apos;&#10;System info: host: &apos;DAXESH&apos;, ip: &apos;172.17.16.191&apos;, os.name: &apos;Windows 10&apos;, os.arch: &apos;amd64&apos;, os.version: &apos;10.0&apos;, java.version: &apos;1.8.0_152&apos;&#10;Driver info: org.openqa.selenium.chrome.ChromeDriver&#10;Capabilities {acceptInsecureCerts: false, browserName: chrome, browserVersion: 77.0.3865.120, chrome: {chromedriverVersion: 77.0.3865.40 (f484704e052e0..., userDataDir: C:\Users\Samsung\AppData\Lo...}, goog:chromeOptions: {debuggerAddress: localhost:55332}, javascriptEnabled: true, networkConnectionEnabled: false, pageLoadStrategy: normal, platform: XP, platformName: XP, proxy: Proxy(), setWindowRect: true, strictFileInteractability: false, timeouts: {implicit: 0, pageLoad: 300000, script: 30000}, unhandledPromptBehavior: dismiss and notify}&#10;Session ID: e787e9f392b3791388ee12067857bf2d" type="org.openqa.selenium.NoSuchWindowException">org.openqa.selenium.NoSuchWindowException: 
no such window: target window already closed
from unknown error: web view not found
  (Session info: chrome=77.0.3865.120)
Build info: version: '3.141.59', revision: 'e82be7d358', time: '2018-11-14T08:17:03'
System info: host: 'DAXESH', ip: '172.17.16.191', os.name: 'Windows 10', os.arch: 'amd64', os.version: '10.0', java.version: '1.8.0_152'
Driver info: org.openqa.selenium.chrome.ChromeDriver
Capabilities {acceptInsecureCerts: false, browserName: chrome, browserVersion: 77.0.3865.120, chrome: {chromedriverVersion: 77.0.3865.40 (f484704e052e0..., userDataDir: C:\Users\Samsung\AppData\Lo...}, goog:chromeOptions: {debuggerAddress: localhost:55332}, javascriptEnabled: true, networkConnectionEnabled: false, pageLoadStrategy: normal, platform: XP, platformName: XP, proxy: Proxy(), setWindowRect: true, strictFileInteractability: false, timeouts: {implicit: 0, pageLoad: 300000, script: 30000}, unhandledPromptBehavior: dismiss and notify}
Session ID: e787e9f392b3791388ee12067857bf2d
</failure>
    <system-err><![CDATA[Starting ChromeDriver 77.0.3865.40 (f484704e052e0b556f8030b65b953dce96503217-refs/branch-heads/3865@{#442}) on port 32330
Only local connections are allowed.
Please protect ports used by ChromeDriver and related test frameworks to prevent access by malicious code.
Oct 26, 2019 2:54:08 PM org.openqa.selenium.remote.ProtocolHandshake createSession
INFO: Detected dialect: W3C
]]></system-err>
  </testcase>
  <testcase name="setUP" classname="com.nopcommerce.demo.testsuite.DesktopPageTest" time="0">
    <skipped/>
  </testcase>
  <testcase name="userShouldNavigateToDeskTopPage" classname="com.nopcommerce.demo.testsuite.DesktopPageTest" time="0">
    <skipped message="no such window: target window already closed&#10;from unknown error: web view not found&#10;  (Session info: chrome=77.0.3865.120)&#10;Build info: version: &apos;3.141.59&apos;, revision: &apos;e82be7d358&apos;, time: &apos;2018-11-14T08:17:03&apos;&#10;System info: host: &apos;DAXESH&apos;, ip: &apos;172.17.16.191&apos;, os.name: &apos;Windows 10&apos;, os.arch: &apos;amd64&apos;, os.version: &apos;10.0&apos;, java.version: &apos;1.8.0_152&apos;&#10;Driver info: org.openqa.selenium.chrome.ChromeDriver&#10;Capabilities {acceptInsecureCerts: false, browserName: chrome, browserVersion: 77.0.3865.120, chrome: {chromedriverVersion: 77.0.3865.40 (f484704e052e0..., userDataDir: C:\Users\Samsung\AppData\Lo...}, goog:chromeOptions: {debuggerAddress: localhost:55332}, javascriptEnabled: true, networkConnectionEnabled: false, pageLoadStrategy: normal, platform: XP, platformName: XP, proxy: Proxy(), setWindowRect: true, strictFileInteractability: false, timeouts: {implicit: 0, pageLoad: 300000, script: 30000}, unhandledPromptBehavior: dismiss and notify}&#10;Session ID: e787e9f392b3791388ee12067857bf2d"/>
  </testcase>
  <testcase name="tearDown" classname="com.nopcommerce.demo.testsuite.DesktopPageTest" time="0">
    <skipped/>
  </testcase>
  <testcase name="tearDown" classname="com.nopcommerce.demo.testsuite.DesktopPageTest" time="0">
    <skipped/>
  </testcase>
  <testcase name="userShouldPickItemFromDesktop" classname="com.nopcommerce.demo.testsuite.DesktopPageTest" time="0">
    <skipped message="no such window: target window already closed&#10;from unknown error: web view not found&#10;  (Session info: chrome=77.0.3865.120)&#10;Build info: version: &apos;3.141.59&apos;, revision: &apos;e82be7d358&apos;, time: &apos;2018-11-14T08:17:03&apos;&#10;System info: host: &apos;DAXESH&apos;, ip: &apos;172.17.16.191&apos;, os.name: &apos;Windows 10&apos;, os.arch: &apos;amd64&apos;, os.version: &apos;10.0&apos;, java.version: &apos;1.8.0_152&apos;&#10;Driver info: org.openqa.selenium.chrome.ChromeDriver&#10;Capabilities {acceptInsecureCerts: false, browserName: chrome, browserVersion: 77.0.3865.120, chrome: {chromedriverVersion: 77.0.3865.40 (f484704e052e0..., userDataDir: C:\Users\Samsung\AppData\Lo...}, goog:chromeOptions: {debuggerAddress: localhost:55332}, javascriptEnabled: true, networkConnectionEnabled: false, pageLoadStrategy: normal, platform: XP, platformName: XP, proxy: Proxy(), setWindowRect: true, strictFileInteractability: false, timeouts: {implicit: 0, pageLoad: 300000, script: 30000}, unhandledPromptBehavior: dismiss and notify}&#10;Session ID: e787e9f392b3791388ee12067857bf2d"/>
  </testcase>
  <testcase name="setUP" classname="com.nopcommerce.demo.testsuite.HomePageTest" time="54.823">
    <failure message="session not created&#10;from disconnected: received Inspector.detached event&#10;  (Session info: chrome=77.0.3865.120)&#10;Build info: version: &apos;3.141.59&apos;, revision: &apos;e82be7d358&apos;, time: &apos;2018-11-14T08:17:03&apos;&#10;System info: host: &apos;DAXESH&apos;, ip: &apos;172.17.16.191&apos;, os.name: &apos;Windows 10&apos;, os.arch: &apos;amd64&apos;, os.version: &apos;10.0&apos;, java.version: &apos;1.8.0_152&apos;&#10;Driver info: driver.version: ChromeDriver&#10;remote stacktrace: Backtrace:&#10;	Ordinal0 [0x00BDEB13+1501971]&#10;	Ordinal0 [0x00B5F6D1+980689]&#10;	Ordinal0 [0x00AE765F+489055]&#10;	Ordinal0 [0x00AE02B5+459445]&#10;	Ordinal0 [0x00ADFEA4+458404]&#10;	Ordinal0 [0x00ADFA1D+457245]&#10;	Ordinal0 [0x00ADF21D+455197]&#10;	Ordinal0 [0x00ADEDE4+454116]&#10;	Ordinal0 [0x00ADEDA5+454053]&#10;	Ordinal0 [0x00ADBAE2+441058]&#10;	Ordinal0 [0x00ADED5C+453980]&#10;	Ordinal0 [0x00ADEC44+453700]&#10;	Ordinal0 [0x00AE8330+492336]&#10;	Ordinal0 [0x00A9A108+172296]&#10;	Ordinal0 [0x00A9942D+169005]&#10;	Ordinal0 [0x00A978EB+162027]&#10;	Ordinal0 [0x00A80AC7+68295]&#10;	Ordinal0 [0x00A81B40+72512]&#10;	Ordinal0 [0x00A81AD9+72409]&#10;	Ordinal0 [0x00B78F37+1085239]&#10;	GetHandleVerifier [0x00C7D7ED+503293]&#10;	GetHandleVerifier [0x00C7D580+502672]&#10;	GetHandleVerifier [0x00C846AC+531644]&#10;	GetHandleVerifier [0x00C7DFFA+505354]&#10;	Ordinal0 [0x00B70606+1050118]&#10;	Ordinal0 [0x00B7047F+1049727]&#10;	Ordinal0 [0x00B7AF9B+1093531]&#10;	Ordinal0 [0x00B7B103+1093891]&#10;	Ordinal0 [0x00B7A095+1089685]&#10;	BaseThreadInitThunk [0x755C8494+36]&#10;	RtlAreBitsSet [0x77DE41C8+136]&#10;	RtlAreBitsSet [0x77DE4198+88]&#10;" type="org.openqa.selenium.SessionNotCreatedException">org.openqa.selenium.SessionNotCreatedException: 
session not created
from disconnected: received Inspector.detached event
  (Session info: chrome=77.0.3865.120)
Build info: version: '3.141.59', revision: 'e82be7d358', time: '2018-11-14T08:17:03'
System info: host: 'DAXESH', ip: '172.17.16.191', os.name: 'Windows 10', os.arch: 'amd64', os.version: '10.0', java.version: '1.8.0_152'
Driver info: driver.version: ChromeDriver
remote stacktrace: Backtrace:
	Ordinal0 [0x00BDEB13+1501971]
	Ordinal0 [0x00B5F6D1+980689]
	Ordinal0 [0x00AE765F+489055]
	Ordinal0 [0x00AE02B5+459445]
	Ordinal0 [0x00ADFEA4+458404]
	Ordinal0 [0x00ADFA1D+457245]
	Ordinal0 [0x00ADF21D+455197]
	Ordinal0 [0x00ADEDE4+454116]
	Ordinal0 [0x00ADEDA5+454053]
	Ordinal0 [0x00ADBAE2+441058]
	Ordinal0 [0x00ADED5C+453980]
	Ordinal0 [0x00ADEC44+453700]
	Ordinal0 [0x00AE8330+492336]
	Ordinal0 [0x00A9A108+172296]
	Ordinal0 [0x00A9942D+169005]
	Ordinal0 [0x00A978EB+162027]
	Ordinal0 [0x00A80AC7+68295]
	Ordinal0 [0x00A81B40+72512]
	Ordinal0 [0x00A81AD9+72409]
	Ordinal0 [0x00B78F37+1085239]
	GetHandleVerifier [0x00C7D7ED+503293]
	GetHandleVerifier [0x00C7D580+502672]
	GetHandleVerifier [0x00C846AC+531644]
	GetHandleVerifier [0x00C7DFFA+505354]
	Ordinal0 [0x00B70606+1050118]
	Ordinal0 [0x00B7047F+1049727]
	Ordinal0 [0x00B7AF9B+1093531]
	Ordinal0 [0x00B7B103+1093891]
	Ordinal0 [0x00B7A095+1089685]
	BaseThreadInitThunk [0x755C8494+36]
	RtlAreBitsSet [0x77DE41C8+136]
	RtlAreBitsSet [0x77DE4198+88]

</failure>
    <system-err><![CDATA[Starting ChromeDriver 77.0.3865.40 (f484704e052e0b556f8030b65b953dce96503217-refs/branch-heads/3865@{#442}) on port 18142
Only local connections are allowed.
Please protect ports used by ChromeDriver and related test frameworks to prevent access by malicious code.
]]></system-err>
  </testcase>
  <testcase name="userShouldNavigateToHomePage" classname="com.nopcommerce.demo.testsuite.HomePageTest" time="0">
    <skipped message="session not created&#10;from disconnected: received Inspector.detached event&#10;  (Session info: chrome=77.0.3865.120)&#10;Build info: version: &apos;3.141.59&apos;, revision: &apos;e82be7d358&apos;, time: &apos;2018-11-14T08:17:03&apos;&#10;System info: host: &apos;DAXESH&apos;, ip: &apos;172.17.16.191&apos;, os.name: &apos;Windows 10&apos;, os.arch: &apos;amd64&apos;, os.version: &apos;10.0&apos;, java.version: &apos;1.8.0_152&apos;&#10;Driver info: driver.version: ChromeDriver&#10;remote stacktrace: Backtrace:&#10;	Ordinal0 [0x00BDEB13+1501971]&#10;	Ordinal0 [0x00B5F6D1+980689]&#10;	Ordinal0 [0x00AE765F+489055]&#10;	Ordinal0 [0x00AE02B5+459445]&#10;	Ordinal0 [0x00ADFEA4+458404]&#10;	Ordinal0 [0x00ADFA1D+457245]&#10;	Ordinal0 [0x00ADF21D+455197]&#10;	Ordinal0 [0x00ADEDE4+454116]&#10;	Ordinal0 [0x00ADEDA5+454053]&#10;	Ordinal0 [0x00ADBAE2+441058]&#10;	Ordinal0 [0x00ADED5C+453980]&#10;	Ordinal0 [0x00ADEC44+453700]&#10;	Ordinal0 [0x00AE8330+492336]&#10;	Ordinal0 [0x00A9A108+172296]&#10;	Ordinal0 [0x00A9942D+169005]&#10;	Ordinal0 [0x00A978EB+162027]&#10;	Ordinal0 [0x00A80AC7+68295]&#10;	Ordinal0 [0x00A81B40+72512]&#10;	Ordinal0 [0x00A81AD9+72409]&#10;	Ordinal0 [0x00B78F37+1085239]&#10;	GetHandleVerifier [0x00C7D7ED+503293]&#10;	GetHandleVerifier [0x00C7D580+502672]&#10;	GetHandleVerifier [0x00C846AC+531644]&#10;	GetHandleVerifier [0x00C7DFFA+505354]&#10;	Ordinal0 [0x00B70606+1050118]&#10;	Ordinal0 [0x00B7047F+1049727]&#10;	Ordinal0 [0x00B7AF9B+1093531]&#10;	Ordinal0 [0x00B7B103+1093891]&#10;	Ordinal0 [0x00B7A095+1089685]&#10;	BaseThreadInitThunk [0x755C8494+36]&#10;	RtlAreBitsSet [0x77DE41C8+136]&#10;	RtlAreBitsSet [0x77DE4198+88]&#10;"/>
  </testcase>
  <testcase name="tearDown" classname="com.nopcommerce.demo.testsuite.HomePageTest" time="0">
    <skipped/>
  </testcase>
  <testcase name="setUP" classname="com.nopcommerce.demo.testsuite.ItemPageTest" time="60.743">
    <failure message="session not created&#10;from disconnected: received Inspector.detached event&#10;  (Session info: chrome=77.0.3865.120)&#10;Build info: version: &apos;3.141.59&apos;, revision: &apos;e82be7d358&apos;, time: &apos;2018-11-14T08:17:03&apos;&#10;System info: host: &apos;DAXESH&apos;, ip: &apos;172.17.16.191&apos;, os.name: &apos;Windows 10&apos;, os.arch: &apos;amd64&apos;, os.version: &apos;10.0&apos;, java.version: &apos;1.8.0_152&apos;&#10;Driver info: driver.version: ChromeDriver&#10;remote stacktrace: Backtrace:&#10;	Ordinal0 [0x00BDEB13+1501971]&#10;	Ordinal0 [0x00B5F6D1+980689]&#10;	Ordinal0 [0x00AE765F+489055]&#10;	Ordinal0 [0x00AE02B5+459445]&#10;	Ordinal0 [0x00ADFEA4+458404]&#10;	Ordinal0 [0x00ADFA1D+457245]&#10;	Ordinal0 [0x00ADF21D+455197]&#10;	Ordinal0 [0x00ADEDE4+454116]&#10;	Ordinal0 [0x00ADEDA5+454053]&#10;	Ordinal0 [0x00ADBAE2+441058]&#10;	Ordinal0 [0x00ADED5C+453980]&#10;	Ordinal0 [0x00ADEC44+453700]&#10;	Ordinal0 [0x00AE8330+492336]&#10;	Ordinal0 [0x00A9A108+172296]&#10;	Ordinal0 [0x00A9942D+169005]&#10;	Ordinal0 [0x00A978EB+162027]&#10;	Ordinal0 [0x00A80AC7+68295]&#10;	Ordinal0 [0x00A81B40+72512]&#10;	Ordinal0 [0x00A81AD9+72409]&#10;	Ordinal0 [0x00B78F37+1085239]&#10;	GetHandleVerifier [0x00C7D7ED+503293]&#10;	GetHandleVerifier [0x00C7D580+502672]&#10;	GetHandleVerifier [0x00C846AC+531644]&#10;	GetHandleVerifier [0x00C7DFFA+505354]&#10;	Ordinal0 [0x00B70606+1050118]&#10;	Ordinal0 [0x00B7047F+1049727]&#10;	Ordinal0 [0x00B7AF9B+1093531]&#10;	Ordinal0 [0x00B7B103+1093891]&#10;	Ordinal0 [0x00B7A095+1089685]&#10;	BaseThreadInitThunk [0x755C8494+36]&#10;	RtlAreBitsSet [0x77DE41C8+136]&#10;	RtlAreBitsSet [0x77DE4198+88]&#10;" type="org.openqa.selenium.SessionNotCreatedException">org.openqa.selenium.SessionNotCreatedException: 
session not created
from disconnected: received Inspector.detached event
  (Session info: chrome=77.0.3865.120)
Build info: version: '3.141.59', revision: 'e82be7d358', time: '2018-11-14T08:17:03'
System info: host: 'DAXESH', ip: '172.17.16.191', os.name: 'Windows 10', os.arch: 'amd64', os.version: '10.0', java.version: '1.8.0_152'
Driver info: driver.version: ChromeDriver
remote stacktrace: Backtrace:
	Ordinal0 [0x00BDEB13+1501971]
	Ordinal0 [0x00B5F6D1+980689]
	Ordinal0 [0x00AE765F+489055]
	Ordinal0 [0x00AE02B5+459445]
	Ordinal0 [0x00ADFEA4+458404]
	Ordinal0 [0x00ADFA1D+457245]
	Ordinal0 [0x00ADF21D+455197]
	Ordinal0 [0x00ADEDE4+454116]
	Ordinal0 [0x00ADEDA5+454053]
	Ordinal0 [0x00ADBAE2+441058]
	Ordinal0 [0x00ADED5C+453980]
	Ordinal0 [0x00ADEC44+453700]
	Ordinal0 [0x00AE8330+492336]
	Ordinal0 [0x00A9A108+172296]
	Ordinal0 [0x00A9942D+169005]
	Ordinal0 [0x00A978EB+162027]
	Ordinal0 [0x00A80AC7+68295]
	Ordinal0 [0x00A81B40+72512]
	Ordinal0 [0x00A81AD9+72409]
	Ordinal0 [0x00B78F37+1085239]
	GetHandleVerifier [0x00C7D7ED+503293]
	GetHandleVerifier [0x00C7D580+502672]
	GetHandleVerifier [0x00C846AC+531644]
	GetHandleVerifier [0x00C7DFFA+505354]
	Ordinal0 [0x00B70606+1050118]
	Ordinal0 [0x00B7047F+1049727]
	Ordinal0 [0x00B7AF9B+1093531]
	Ordinal0 [0x00B7B103+1093891]
	Ordinal0 [0x00B7A095+1089685]
	BaseThreadInitThunk [0x755C8494+36]
	RtlAreBitsSet [0x77DE41C8+136]
	RtlAreBitsSet [0x77DE4198+88]

</failure>
    <system-err><![CDATA[Starting ChromeDriver 77.0.3865.40 (f484704e052e0b556f8030b65b953dce96503217-refs/branch-heads/3865@{#442}) on port 43628
Only local connections are allowed.
Please protect ports used by ChromeDriver and related test frameworks to prevent access by malicious code.
]]></system-err>
  </testcase>
  <testcase name="setUP" classname="com.nopcommerce.demo.testsuite.ItemPageTest" time="0">
    <skipped/>
  </testcase>
  <testcase name="userShouldAddItemToCart" classname="com.nopcommerce.demo.testsuite.ItemPageTest" time="0">
    <skipped message="session not created&#10;from disconnected: received Inspector.detached event&#10;  (Session info: chrome=77.0.3865.120)&#10;Build info: version: &apos;3.141.59&apos;, revision: &apos;e82be7d358&apos;, time: &apos;2018-11-14T08:17:03&apos;&#10;System info: host: &apos;DAXESH&apos;, ip: &apos;172.17.16.191&apos;, os.name: &apos;Windows 10&apos;, os.arch: &apos;amd64&apos;, os.version: &apos;10.0&apos;, java.version: &apos;1.8.0_152&apos;&#10;Driver info: driver.version: ChromeDriver&#10;remote stacktrace: Backtrace:&#10;	Ordinal0 [0x00BDEB13+1501971]&#10;	Ordinal0 [0x00B5F6D1+980689]&#10;	Ordinal0 [0x00AE765F+489055]&#10;	Ordinal0 [0x00AE02B5+459445]&#10;	Ordinal0 [0x00ADFEA4+458404]&#10;	Ordinal0 [0x00ADFA1D+457245]&#10;	Ordinal0 [0x00ADF21D+455197]&#10;	Ordinal0 [0x00ADEDE4+454116]&#10;	Ordinal0 [0x00ADEDA5+454053]&#10;	Ordinal0 [0x00ADBAE2+441058]&#10;	Ordinal0 [0x00ADED5C+453980]&#10;	Ordinal0 [0x00ADEC44+453700]&#10;	Ordinal0 [0x00AE8330+492336]&#10;	Ordinal0 [0x00A9A108+172296]&#10;	Ordinal0 [0x00A9942D+169005]&#10;	Ordinal0 [0x00A978EB+162027]&#10;	Ordinal0 [0x00A80AC7+68295]&#10;	Ordinal0 [0x00A81B40+72512]&#10;	Ordinal0 [0x00A81AD9+72409]&#10;	Ordinal0 [0x00B78F37+1085239]&#10;	GetHandleVerifier [0x00C7D7ED+503293]&#10;	GetHandleVerifier [0x00C7D580+502672]&#10;	GetHandleVerifier [0x00C846AC+531644]&#10;	GetHandleVerifier [0x00C7DFFA+505354]&#10;	Ordinal0 [0x00B70606+1050118]&#10;	Ordinal0 [0x00B7047F+1049727]&#10;	Ordinal0 [0x00B7AF9B+1093531]&#10;	Ordinal0 [0x00B7B103+1093891]&#10;	Ordinal0 [0x00B7A095+1089685]&#10;	BaseThreadInitThunk [0x755C8494+36]&#10;	RtlAreBitsSet [0x77DE41C8+136]&#10;	RtlAreBitsSet [0x77DE4198+88]&#10;"/>
  </testcase>
  <testcase name="tearDown" classname="com.nopcommerce.demo.testsuite.ItemPageTest" time="0">
    <skipped/>
  </testcase>
  <testcase name="tearDown" classname="com.nopcommerce.demo.testsuite.ItemPageTest" time="0">
    <skipped/>
  </testcase>
  <testcase name="userShouldNavigateToItemPage" classname="com.nopcommerce.demo.testsuite.ItemPageTest" time="0">
    <skipped message="session not created&#10;from disconnected: received Inspector.detached event&#10;  (Session info: chrome=77.0.3865.120)&#10;Build info: version: &apos;3.141.59&apos;, revision: &apos;e82be7d358&apos;, time: &apos;2018-11-14T08:17:03&apos;&#10;System info: host: &apos;DAXESH&apos;, ip: &apos;172.17.16.191&apos;, os.name: &apos;Windows 10&apos;, os.arch: &apos;amd64&apos;, os.version: &apos;10.0&apos;, java.version: &apos;1.8.0_152&apos;&#10;Driver info: driver.version: ChromeDriver&#10;remote stacktrace: Backtrace:&#10;	Ordinal0 [0x00BDEB13+1501971]&#10;	Ordinal0 [0x00B5F6D1+980689]&#10;	Ordinal0 [0x00AE765F+489055]&#10;	Ordinal0 [0x00AE02B5+459445]&#10;	Ordinal0 [0x00ADFEA4+458404]&#10;	Ordinal0 [0x00ADFA1D+457245]&#10;	Ordinal0 [0x00ADF21D+455197]&#10;	Ordinal0 [0x00ADEDE4+454116]&#10;	Ordinal0 [0x00ADEDA5+454053]&#10;	Ordinal0 [0x00ADBAE2+441058]&#10;	Ordinal0 [0x00ADED5C+453980]&#10;	Ordinal0 [0x00ADEC44+453700]&#10;	Ordinal0 [0x00AE8330+492336]&#10;	Ordinal0 [0x00A9A108+172296]&#10;	Ordinal0 [0x00A9942D+169005]&#10;	Ordinal0 [0x00A978EB+162027]&#10;	Ordinal0 [0x00A80AC7+68295]&#10;	Ordinal0 [0x00A81B40+72512]&#10;	Ordinal0 [0x00A81AD9+72409]&#10;	Ordinal0 [0x00B78F37+1085239]&#10;	GetHandleVerifier [0x00C7D7ED+503293]&#10;	GetHandleVerifier [0x00C7D580+502672]&#10;	GetHandleVerifier [0x00C846AC+531644]&#10;	GetHandleVerifier [0x00C7DFFA+505354]&#10;	Ordinal0 [0x00B70606+1050118]&#10;	Ordinal0 [0x00B7047F+1049727]&#10;	Ordinal0 [0x00B7AF9B+1093531]&#10;	Ordinal0 [0x00B7B103+1093891]&#10;	Ordinal0 [0x00B7A095+1089685]&#10;	BaseThreadInitThunk [0x755C8494+36]&#10;	RtlAreBitsSet [0x77DE41C8+136]&#10;	RtlAreBitsSet [0x77DE4198+88]&#10;"/>
  </testcase>
  <testcase name="setUP" classname="com.nopcommerce.demo.testsuite.RegisterPageTest" time="67.399">
    <failure message="session not created&#10;from disconnected: received Inspector.detached event&#10;  (Session info: chrome=77.0.3865.120)&#10;Build info: version: &apos;3.141.59&apos;, revision: &apos;e82be7d358&apos;, time: &apos;2018-11-14T08:17:03&apos;&#10;System info: host: &apos;DAXESH&apos;, ip: &apos;172.17.16.191&apos;, os.name: &apos;Windows 10&apos;, os.arch: &apos;amd64&apos;, os.version: &apos;10.0&apos;, java.version: &apos;1.8.0_152&apos;&#10;Driver info: driver.version: ChromeDriver&#10;remote stacktrace: Backtrace:&#10;	Ordinal0 [0x00BDEB13+1501971]&#10;	Ordinal0 [0x00B5F6D1+980689]&#10;	Ordinal0 [0x00AE765F+489055]&#10;	Ordinal0 [0x00AE02B5+459445]&#10;	Ordinal0 [0x00ADFEA4+458404]&#10;	Ordinal0 [0x00ADFA1D+457245]&#10;	Ordinal0 [0x00ADF21D+455197]&#10;	Ordinal0 [0x00ADEDE4+454116]&#10;	Ordinal0 [0x00ADEDA5+454053]&#10;	Ordinal0 [0x00AE374D+472909]&#10;	Ordinal0 [0x00ADED5C+453980]&#10;	Ordinal0 [0x00ADF6D1+456401]&#10;	Ordinal0 [0x00ADF21D+455197]&#10;	Ordinal0 [0x00ADEDE4+454116]&#10;	Ordinal0 [0x00ADEDA5+454053]&#10;	Ordinal0 [0x00AE2C67+470119]&#10;	Ordinal0 [0x00ADED5C+453980]&#10;	Ordinal0 [0x00ADF6D1+456401]&#10;	Ordinal0 [0x00ADF21D+455197]&#10;	Ordinal0 [0x00ADEDE4+454116]&#10;	Ordinal0 [0x00ADEDA5+454053]&#10;	Ordinal0 [0x00ADBA0C+440844]&#10;	Ordinal0 [0x00ADED5C+453980]&#10;	Ordinal0 [0x00ADEC44+453700]&#10;	Ordinal0 [0x00AE8330+492336]&#10;	Ordinal0 [0x00A9A108+172296]&#10;	Ordinal0 [0x00A9942D+169005]&#10;	Ordinal0 [0x00A978EB+162027]&#10;	Ordinal0 [0x00A80AC7+68295]&#10;	Ordinal0 [0x00A81B40+72512]&#10;	Ordinal0 [0x00A81AD9+72409]&#10;	Ordinal0 [0x00B78F37+1085239]&#10;	GetHandleVerifier [0x00C7D7ED+503293]&#10;	GetHandleVerifier [0x00C7D580+502672]&#10;	GetHandleVerifier [0x00C846AC+531644]&#10;	GetHandleVerifier [0x00C7DFFA+505354]&#10;	Ordinal0 [0x00B70606+1050118]&#10;	Ordinal0 [0x00B7047F+1049727]&#10;	Ordinal0 [0x00B7AF9B+1093531]&#10;	Ordinal0 [0x00B7B103+1093891]&#10;	Ordinal0 [0x00B7A095+1089685]&#10;	BaseThreadInitThunk [0x755C8494+36]&#10;	RtlAreBitsSet [0x77DE41C8+136]&#10;	RtlAreBitsSet [0x77DE4198+88]&#10;" type="org.openqa.selenium.SessionNotCreatedException">org.openqa.selenium.SessionNotCreatedException: 
session not created
from disconnected: received Inspector.detached event
  (Session info: chrome=77.0.3865.120)
Build info: version: '3.141.59', revision: 'e82be7d358', time: '2018-11-14T08:17:03'
System info: host: 'DAXESH', ip: '172.17.16.191', os.name: 'Windows 10', os.arch: 'amd64', os.version: '10.0', java.version: '1.8.0_152'
Driver info: driver.version: ChromeDriver
remote stacktrace: Backtrace:
	Ordinal0 [0x00BDEB13+1501971]
	Ordinal0 [0x00B5F6D1+980689]
	Ordinal0 [0x00AE765F+489055]
	Ordinal0 [0x00AE02B5+459445]
	Ordinal0 [0x00ADFEA4+458404]
	Ordinal0 [0x00ADFA1D+457245]
	Ordinal0 [0x00ADF21D+455197]
	Ordinal0 [0x00ADEDE4+454116]
	Ordinal0 [0x00ADEDA5+454053]
	Ordinal0 [0x00AE374D+472909]
	Ordinal0 [0x00ADED5C+453980]
	Ordinal0 [0x00ADF6D1+456401]
	Ordinal0 [0x00ADF21D+455197]
	Ordinal0 [0x00ADEDE4+454116]
	Ordinal0 [0x00ADEDA5+454053]
	Ordinal0 [0x00AE2C67+470119]
	Ordinal0 [0x00ADED5C+453980]
	Ordinal0 [0x00ADF6D1+456401]
	Ordinal0 [0x00ADF21D+455197]
	Ordinal0 [0x00ADEDE4+454116]
	Ordinal0 [0x00ADEDA5+454053]
	Ordinal0 [0x00ADBA0C+440844]
	Ordinal0 [0x00ADED5C+453980]
	Ordinal0 [0x00ADEC44+453700]
	Ordinal0 [0x00AE8330+492336]
	Ordinal0 [0x00A9A108+172296]
	Ordinal0 [0x00A9942D+169005]
	Ordinal0 [0x00A978EB+162027]
	Ordinal0 [0x00A80AC7+68295]
	Ordinal0 [0x00A81B40+72512]
	Ordinal0 [0x00A81AD9+72409]
	Ordinal0 [0x00B78F37+1085239]
	GetHandleVerifier [0x00C7D7ED+503293]
	GetHandleVerifier [0x00C7D580+502672]
	GetHandleVerifier [0x00C846AC+531644]
	GetHandleVerifier [0x00C7DFFA+505354]
	Ordinal0 [0x00B70606+1050118]
	Ordinal0 [0x00B7047F+1049727]
	Ordinal0 [0x00B7AF9B+1093531]
	Ordinal0 [0x00B7B103+1093891]
	Ordinal0 [0x00B7A095+1089685]
	BaseThreadInitThunk [0x755C8494+36]
	RtlAreBitsSet [0x77DE41C8+136]
	RtlAreBitsSet [0x77DE4198+88]

</failure>
    <system-err><![CDATA[Starting ChromeDriver 77.0.3865.40 (f484704e052e0b556f8030b65b953dce96503217-refs/branch-heads/3865@{#442}) on port 19286
Only local connections are allowed.
Please protect ports used by ChromeDriver and related test frameworks to prevent access by malicious code.
]]></system-err>
  </testcase>
  <testcase name="setUP" classname="com.nopcommerce.demo.testsuite.RegisterPageTest" time="0">
    <skipped/>
  </testcase>
  <testcase name="userShouldNavigateToRegisterPageSuccessfully" classname="com.nopcommerce.demo.testsuite.RegisterPageTest" time="0">
    <skipped message="session not created&#10;from disconnected: received Inspector.detached event&#10;  (Session info: chrome=77.0.3865.120)&#10;Build info: version: &apos;3.141.59&apos;, revision: &apos;e82be7d358&apos;, time: &apos;2018-11-14T08:17:03&apos;&#10;System info: host: &apos;DAXESH&apos;, ip: &apos;172.17.16.191&apos;, os.name: &apos;Windows 10&apos;, os.arch: &apos;amd64&apos;, os.version: &apos;10.0&apos;, java.version: &apos;1.8.0_152&apos;&#10;Driver info: driver.version: ChromeDriver&#10;remote stacktrace: Backtrace:&#10;	Ordinal0 [0x00BDEB13+1501971]&#10;	Ordinal0 [0x00B5F6D1+980689]&#10;	Ordinal0 [0x00AE765F+489055]&#10;	Ordinal0 [0x00AE02B5+459445]&#10;	Ordinal0 [0x00ADFEA4+458404]&#10;	Ordinal0 [0x00ADFA1D+457245]&#10;	Ordinal0 [0x00ADF21D+455197]&#10;	Ordinal0 [0x00ADEDE4+454116]&#10;	Ordinal0 [0x00ADEDA5+454053]&#10;	Ordinal0 [0x00AE374D+472909]&#10;	Ordinal0 [0x00ADED5C+453980]&#10;	Ordinal0 [0x00ADF6D1+456401]&#10;	Ordinal0 [0x00ADF21D+455197]&#10;	Ordinal0 [0x00ADEDE4+454116]&#10;	Ordinal0 [0x00ADEDA5+454053]&#10;	Ordinal0 [0x00AE2C67+470119]&#10;	Ordinal0 [0x00ADED5C+453980]&#10;	Ordinal0 [0x00ADF6D1+456401]&#10;	Ordinal0 [0x00ADF21D+455197]&#10;	Ordinal0 [0x00ADEDE4+454116]&#10;	Ordinal0 [0x00ADEDA5+454053]&#10;	Ordinal0 [0x00ADBA0C+440844]&#10;	Ordinal0 [0x00ADED5C+453980]&#10;	Ordinal0 [0x00ADEC44+453700]&#10;	Ordinal0 [0x00AE8330+492336]&#10;	Ordinal0 [0x00A9A108+172296]&#10;	Ordinal0 [0x00A9942D+169005]&#10;	Ordinal0 [0x00A978EB+162027]&#10;	Ordinal0 [0x00A80AC7+68295]&#10;	Ordinal0 [0x00A81B40+72512]&#10;	Ordinal0 [0x00A81AD9+72409]&#10;	Ordinal0 [0x00B78F37+1085239]&#10;	GetHandleVerifier [0x00C7D7ED+503293]&#10;	GetHandleVerifier [0x00C7D580+502672]&#10;	GetHandleVerifier [0x00C846AC+531644]&#10;	GetHandleVerifier [0x00C7DFFA+505354]&#10;	Ordinal0 [0x00B70606+1050118]&#10;	Ordinal0 [0x00B7047F+1049727]&#10;	Ordinal0 [0x00B7AF9B+1093531]&#10;	Ordinal0 [0x00B7B103+1093891]&#10;	Ordinal0 [0x00B7A095+1089685]&#10;	BaseThreadInitThunk [0x755C8494+36]&#10;	RtlAreBitsSet [0x77DE41C8+136]&#10;	RtlAreBitsSet [0x77DE4198+88]&#10;"/>
  </testcase>
  <testcase name="tearDown" classname="com.nopcommerce.demo.testsuite.RegisterPageTest" time="0">
    <skipped/>
  </testcase>
  <testcase name="tearDown" classname="com.nopcommerce.demo.testsuite.RegisterPageTest" time="0">
    <skipped/>
  </testcase>
  <testcase name="userShouldRegisterOnNopCommerceApplication" classname="com.nopcommerce.demo.testsuite.RegisterPageTest" time="0">
    <skipped message="session not created&#10;from disconnected: received Inspector.detached event&#10;  (Session info: chrome=77.0.3865.120)&#10;Build info: version: &apos;3.141.59&apos;, revision: &apos;e82be7d358&apos;, time: &apos;2018-11-14T08:17:03&apos;&#10;System info: host: &apos;DAXESH&apos;, ip: &apos;172.17.16.191&apos;, os.name: &apos;Windows 10&apos;, os.arch: &apos;amd64&apos;, os.version: &apos;10.0&apos;, java.version: &apos;1.8.0_152&apos;&#10;Driver info: driver.version: ChromeDriver&#10;remote stacktrace: Backtrace:&#10;	Ordinal0 [0x00BDEB13+1501971]&#10;	Ordinal0 [0x00B5F6D1+980689]&#10;	Ordinal0 [0x00AE765F+489055]&#10;	Ordinal0 [0x00AE02B5+459445]&#10;	Ordinal0 [0x00ADFEA4+458404]&#10;	Ordinal0 [0x00ADFA1D+457245]&#10;	Ordinal0 [0x00ADF21D+455197]&#10;	Ordinal0 [0x00ADEDE4+454116]&#10;	Ordinal0 [0x00ADEDA5+454053]&#10;	Ordinal0 [0x00AE374D+472909]&#10;	Ordinal0 [0x00ADED5C+453980]&#10;	Ordinal0 [0x00ADF6D1+456401]&#10;	Ordinal0 [0x00ADF21D+455197]&#10;	Ordinal0 [0x00ADEDE4+454116]&#10;	Ordinal0 [0x00ADEDA5+454053]&#10;	Ordinal0 [0x00AE2C67+470119]&#10;	Ordinal0 [0x00ADED5C+453980]&#10;	Ordinal0 [0x00ADF6D1+456401]&#10;	Ordinal0 [0x00ADF21D+455197]&#10;	Ordinal0 [0x00ADEDE4+454116]&#10;	Ordinal0 [0x00ADEDA5+454053]&#10;	Ordinal0 [0x00ADBA0C+440844]&#10;	Ordinal0 [0x00ADED5C+453980]&#10;	Ordinal0 [0x00ADEC44+453700]&#10;	Ordinal0 [0x00AE8330+492336]&#10;	Ordinal0 [0x00A9A108+172296]&#10;	Ordinal0 [0x00A9942D+169005]&#10;	Ordinal0 [0x00A978EB+162027]&#10;	Ordinal0 [0x00A80AC7+68295]&#10;	Ordinal0 [0x00A81B40+72512]&#10;	Ordinal0 [0x00A81AD9+72409]&#10;	Ordinal0 [0x00B78F37+1085239]&#10;	GetHandleVerifier [0x00C7D7ED+503293]&#10;	GetHandleVerifier [0x00C7D580+502672]&#10;	GetHandleVerifier [0x00C846AC+531644]&#10;	GetHandleVerifier [0x00C7DFFA+505354]&#10;	Ordinal0 [0x00B70606+1050118]&#10;	Ordinal0 [0x00B7047F+1049727]&#10;	Ordinal0 [0x00B7AF9B+1093531]&#10;	Ordinal0 [0x00B7B103+1093891]&#10;	Ordinal0 [0x00B7A095+1089685]&#10;	BaseThreadInitThunk [0x755C8494+36]&#10;	RtlAreBitsSet [0x77DE41C8+136]&#10;	RtlAreBitsSet [0x77DE4198+88]&#10;"/>
  </testcase>
</testsuite>